{"meta": {"format": 3, "version": "7.14.3", "timestamp": "2026-07-10T18:32:31.521100", "branch_coverage": false, "show_contexts": false}, "files": {"src/taskq/executor.py": {"executed_lines": [], "summary": {"covered_lines": 0, "num_statements": 41, "percent_covered": 0.0, "percent_covered_display": "0", "missing_lines": 41, "excluded_lines": 0, "percent_statements_covered": 0.0, "percent_statements_covered_display": "0"}, "missing_lines": [5, 7, 8, 9, 10, 11, 13, 16, 19, 21, 24, 31, 32, 33, 34, 41, 42, 43, 44, 45, 47, 48, 49, 50, 51, 54, 60, 61, 64, 73, 76, 82, 83, 88, 89, 90, 91, 92, 95, 96, 97], "excluded_lines": [], "functions": {"_now_iso": {"executed_lines": [], "summary": {"covered_lines": 0, "num_statements": 1, "percent_covered": 0.0, "percent_covered_display": "0", "missing_lines": 1, "excluded_lines": 0, "percent_statements_covered": 0.0, "percent_statements_covered_display": "0"}, "missing_lines": [21], "excluded_lines": [], "start_line": 19}, "_run_subprocess": {"executed_lines": [], "summary": {"covered_lines": 0, "num_statements": 14, "percent_covered": 0.0, "percent_covered_display": "0", "missing_lines": 14, "excluded_lines": 0, "percent_statements_covered": 0.0, "percent_statements_covered_display": "0"}, "missing_lines": [31, 32, 33, 34, 41, 42, 43, 44, 45, 47, 48, 49, 50, 51], "excluded_lines": [], "start_line": 24}, "execute_task": {"executed_lines": [], "summary": {"covered_lines": 0, "num_statements": 4, "percent_covered": 0.0, "percent_covered_display": "0", "missing_lines": 4, "excluded_lines": 0, "percent_statements_covered": 0.0, "percent_statements_covered_display": "0"}, "missing_lines": [60, 61, 64, 73], "excluded_lines": [], "start_line": 54}, "run_all": {"executed_lines": [], "summary": {"covered_lines": 0, "num_statements": 10, "percent_covered": 0.0, "percent_covered_display": "0", "missing_lines": 10, "excluded_lines": 0, "percent_statements_covered": 0.0, "percent_statements_covered_display": "0"}, "missing_lines": [82, 83, 88, 89, 90, 91, 92, 95, 96, 97], "excluded_lines": [], "start_line": 76}, "": {"executed_lines": [], "summary": {"covered_lines": 0, "num_statements": 12, "percent_covered": 0.0, "percent_covered_display": "0", "missing_lines": 12, "excluded_lines": 0, "percent_statements_covered": 0.0, "percent_statements_covered_display": "0"}, "missing_lines": [5, 7, 8, 9, 10, 11, 13, 16, 19, 24, 54, 76], "excluded_lines": [], "start_line": 1}}, "classes": {"": {"executed_lines": [], "summary": {"covered_lines": 0, "num_statements": 41, "percent_covered": 0.0, "percent_covered_display": "0", "missing_lines": 41, "excluded_lines": 0, "percent_statements_covered": 0.0, "percent_statements_covered_display": "0"}, "missing_lines": [5, 7, 8, 9, 10, 11, 13, 16, 19, 21, 24, 31, 32, 33, 34, 41, 42, 43, 44, 45, 47, 48, 49, 50, 51, 54, 60, 61, 64, 73, 76, 82, 83, 88, 89, 90, 91, 92, 95, 96, 97], "excluded_lines": [], "start_line": 1}}}}, "totals": {"covered_lines": 0, "num_statements": 41, "percent_covered": 0.0, "percent_covered_display": "0", "missing_lines": 41, "excluded_lines": 0, "percent_statements_covered": 0.0, "percent_statements_covered_display": "0"}}