{"meta": {"format": 3, "version": "7.14.3", "timestamp": "2026-07-03T09:58:05.354870", "branch_coverage": false, "show_contexts": false}, "files": {"03-development/src/taskq/__init__.py": {"executed_lines": [7, 9, 15, 23, 34, 35, 42, 48], "summary": {"covered_lines": 8, "num_statements": 8, "percent_covered": 100.0, "percent_covered_display": "100", "missing_lines": 0, "excluded_lines": 0, "percent_statements_covered": 100.0, "percent_statements_covered_display": "100"}, "missing_lines": [], "excluded_lines": [], "functions": {"": {"executed_lines": [7, 9, 15, 23, 34, 35, 42, 48], "summary": {"covered_lines": 8, "num_statements": 8, "percent_covered": 100.0, "percent_covered_display": "100", "missing_lines": 0, "excluded_lines": 0, "percent_statements_covered": 100.0, "percent_statements_covered_display": "100"}, "missing_lines": [], "excluded_lines": [], "start_line": 1}}, "classes": {"": {"executed_lines": [7, 9, 15, 23, 34, 35, 42, 48], "summary": {"covered_lines": 8, "num_statements": 8, "percent_covered": 100.0, "percent_covered_display": "100", "missing_lines": 0, "excluded_lines": 0, "percent_statements_covered": 100.0, "percent_statements_covered_display": "100"}, "missing_lines": [], "excluded_lines": [], "start_line": 1}}}, "03-development/src/taskq/__main__.py": {"executed_lines": [39, 41, 42, 43, 44, 45, 47, 56, 63, 69, 73, 74, 77, 80, 85, 88, 95, 97, 98, 99, 100, 102, 109, 111, 112, 113, 115, 116, 117, 118, 120, 122, 124, 126, 129, 138, 139, 140, 141, 142, 146, 147, 148, 151, 152, 153, 154, 155, 156, 157, 160, 178, 179, 180, 181, 182, 183, 184, 185, 189, 190, 194, 195, 196, 197, 198, 205, 206, 207, 208, 218, 220, 221, 224, 227, 228, 229, 234, 243, 244, 245, 246, 247, 248, 250, 251, 252, 253, 254, 255, 257, 258, 261, 262, 265, 275, 276, 279, 285, 286, 288, 289, 290, 296, 297, 300, 301, 303, 306, 308, 311, 313, 314, 315, 316, 317, 318, 319, 320, 321, 322, 323, 324], "summary": {"covered_lines": 123, "num_statements": 124, "percent_covered": 99.19354838709677, "percent_covered_display": "99", "missing_lines": 1, "excluded_lines": 16, "percent_statements_covered": 99.19354838709677, "percent_statements_covered_display": "99"}, "missing_lines": [223], "excluded_lines": [149, 150, 191, 192, 193, 199, 201, 203, 204, 211, 212, 231, 325, 326, 329, 330], "functions": {"_generate_task_id": {"executed_lines": [85], "summary": {"covered_lines": 1, "num_statements": 1, "percent_covered": 100.0, "percent_covered_display": "100", "missing_lines": 0, "excluded_lines": 0, "percent_statements_covered": 100.0, "percent_statements_covered_display": "100"}, "missing_lines": [], "excluded_lines": [], "start_line": 80}, "cmd_submit": {"executed_lines": [95, 97, 98, 99, 100, 102, 109, 111, 112, 113, 115, 116, 117, 118, 120, 122, 124, 126], "summary": {"covered_lines": 18, "num_statements": 18, "percent_covered": 100.0, "percent_covered_display": "100", "missing_lines": 0, "excluded_lines": 0, "percent_statements_covered": 100.0, "percent_statements_covered_display": "100"}, "missing_lines": [], "excluded_lines": [], "start_line": 88}, "cmd_list": {"executed_lines": [138, 139, 140, 141, 142, 146, 147, 148, 151, 152, 153, 154, 155, 156, 157], "summary": {"covered_lines": 15, "num_statements": 15, "percent_covered": 100.0, "percent_covered_display": "100", "missing_lines": 0, "excluded_lines": 2, "percent_statements_covered": 100.0, "percent_statements_covered_display": "100"}, "missing_lines": [], "excluded_lines": [149, 150], "start_line": 129}, "cmd_run": {"executed_lines": [178, 179, 180, 181, 182, 183, 184, 185, 189, 190, 194, 195, 196, 197, 198, 205, 206, 207, 208, 218, 220, 221, 224, 227, 228, 229], "summary": {"covered_lines": 26, "num_statements": 27, "percent_covered": 96.29629629629629, "percent_covered_display": "96", "missing_lines": 1, "excluded_lines": 10, "percent_statements_covered": 96.29629629629629, "percent_statements_covered_display": "96"}, "missing_lines": [223], "excluded_lines": [191, 192, 193, 199, 201, 203, 204, 211, 212, 231], "start_line": 160}, "cmd_status": {"executed_lines": [243, 244, 245, 246, 247, 248, 250, 251, 252, 253, 254, 255, 257, 258, 261, 262], "summary": {"covered_lines": 16, "num_statements": 16, "percent_covered": 100.0, "percent_covered_display": "100", "missing_lines": 0, "excluded_lines": 0, "percent_statements_covered": 100.0, "percent_statements_covered_display": "100"}, "missing_lines": [], "excluded_lines": [], "start_line": 234}, "cmd_clear": {"executed_lines": [275, 276], "summary": {"covered_lines": 2, "num_statements": 2, "percent_covered": 100.0, "percent_covered_display": "100", "missing_lines": 0, "excluded_lines": 0, "percent_statements_covered": 100.0, "percent_statements_covered_display": "100"}, "missing_lines": [], "excluded_lines": [], "start_line": 265}, "build_parser": {"executed_lines": [285, 286, 288, 289, 290, 296, 297, 300, 301, 303, 306, 308], "summary": {"covered_lines": 12, "num_statements": 12, "percent_covered": 100.0, "percent_covered_display": "100", "missing_lines": 0, "excluded_lines": 0, "percent_statements_covered": 100.0, "percent_statements_covered_display": "100"}, "missing_lines": [], "excluded_lines": [], "start_line": 279}, "main": {"executed_lines": [313, 314, 315, 316, 317, 318, 319, 320, 321, 322, 323, 324], "summary": {"covered_lines": 12, "num_statements": 12, "percent_covered": 100.0, "percent_covered_display": "100", "missing_lines": 0, "excluded_lines": 2, "percent_statements_covered": 100.0, "percent_statements_covered_display": "100"}, "missing_lines": [], "excluded_lines": [325, 326], "start_line": 311}, "": {"executed_lines": [39, 41, 42, 43, 44, 45, 47, 56, 63, 69, 73, 74, 77, 80, 88, 129, 160, 234, 265, 279, 311], "summary": {"covered_lines": 21, "num_statements": 21, "percent_covered": 100.0, "percent_covered_display": "100", "missing_lines": 0, "excluded_lines": 2, "percent_statements_covered": 100.0, "percent_statements_covered_display": "100"}, "missing_lines": [], "excluded_lines": [329, 330], "start_line": 1}}, "classes": {"": {"executed_lines": [39, 41, 42, 43, 44, 45, 47, 56, 63, 69, 73, 74, 77, 80, 85, 88, 95, 97, 98, 99, 100, 102, 109, 111, 112, 113, 115, 116, 117, 118, 120, 122, 124, 126, 129, 138, 139, 140, 141, 142, 146, 147, 148, 151, 152, 153, 154, 155, 156, 157, 160, 178, 179, 180, 181, 182, 183, 184, 185, 189, 190, 194, 195, 196, 197, 198, 205, 206, 207, 208, 218, 220, 221, 224, 227, 228, 229, 234, 243, 244, 245, 246, 247, 248, 250, 251, 252, 253, 254, 255, 257, 258, 261, 262, 265, 275, 276, 279, 285, 286, 288, 289, 290, 296, 297, 300, 301, 303, 306, 308, 311, 313, 314, 315, 316, 317, 318, 319, 320, 321, 322, 323, 324], "summary": {"covered_lines": 123, "num_statements": 124, "percent_covered": 99.19354838709677, "percent_covered_display": "99", "missing_lines": 1, "excluded_lines": 16, "percent_statements_covered": 99.19354838709677, "percent_statements_covered_display": "99"}, "missing_lines": [223], "excluded_lines": [149, 150, 191, 192, 193, 199, 201, 203, 204, 211, 212, 231, 325, 326, 329, 330], "start_line": 1}}}, "03-development/src/taskq/config.py": {"executed_lines": [14, 16, 17, 21, 24, 27, 33, 34, 37, 42, 45, 51, 52, 53, 54, 55, 56, 57, 60, 69, 70, 71, 72, 73, 74, 75], "summary": {"covered_lines": 26, "num_statements": 26, "percent_covered": 100.0, "percent_covered_display": "100", "missing_lines": 0, "excluded_lines": 0, "percent_statements_covered": 100.0, "percent_statements_covered_display": "100"}, "missing_lines": [], "excluded_lines": [], "functions": {"taskq_home": {"executed_lines": [33, 34], "summary": {"covered_lines": 2, "num_statements": 2, "percent_covered": 100.0, "percent_covered_display": "100", "missing_lines": 0, "excluded_lines": 0, "percent_statements_covered": 100.0, "percent_statements_covered_display": "100"}, "missing_lines": [], "excluded_lines": [], "start_line": 27}, "tasks_json_path": {"executed_lines": [42], "summary": {"covered_lines": 1, "num_statements": 1, "percent_covered": 100.0, "percent_covered_display": "100", "missing_lines": 0, "excluded_lines": 0, "percent_statements_covered": 100.0, "percent_statements_covered_display": "100"}, "missing_lines": [], "excluded_lines": [], "start_line": 37}, "task_timeout": {"executed_lines": [51, 52, 53, 54, 55, 56, 57], "summary": {"covered_lines": 7, "num_statements": 7, "percent_covered": 100.0, "percent_covered_display": "100", "missing_lines": 0, "excluded_lines": 0, "percent_statements_covered": 100.0, "percent_statements_covered_display": "100"}, "missing_lines": [], "excluded_lines": [], "start_line": 45}, "retry_limit": {"executed_lines": [69, 70, 71, 72, 73, 74, 75], "summary": {"covered_lines": 7, "num_statements": 7, "percent_covered": 100.0, "percent_covered_display": "100", "missing_lines": 0, "excluded_lines": 0, "percent_statements_covered": 100.0, "percent_statements_covered_display": "100"}, "missing_lines": [], "excluded_lines": [], "start_line": 60}, "": {"executed_lines": [14, 16, 17, 21, 24, 27, 37, 45, 60], "summary": {"covered_lines": 9, "num_statements": 9, "percent_covered": 100.0, "percent_covered_display": "100", "missing_lines": 0, "excluded_lines": 0, "percent_statements_covered": 100.0, "percent_statements_covered_display": "100"}, "missing_lines": [], "excluded_lines": [], "start_line": 1}}, "classes": {"": {"executed_lines": [14, 16, 17, 21, 24, 27, 33, 34, 37, 42, 45, 51, 52, 53, 54, 55, 56, 57, 60, 69, 70, 71, 72, 73, 74, 75], "summary": {"covered_lines": 26, "num_statements": 26, "percent_covered": 100.0, "percent_covered_display": "100", "missing_lines": 0, "excluded_lines": 0, "percent_statements_covered": 100.0, "percent_statements_covered_display": "100"}, "missing_lines": [], "excluded_lines": [], "start_line": 1}}}, "03-development/src/taskq/executor.py": {"executed_lines": [20, 22, 23, 24, 25, 26, 28, 29, 30, 39, 47, 48, 49, 50, 53, 59, 60, 61, 64, 66, 69, 76, 80, 86, 89, 99, 100, 101, 102, 103, 105, 115, 116, 124, 125, 128, 129, 130, 138, 143, 145, 146, 147, 148, 150, 151, 161, 170, 185, 186, 187, 188, 190, 191, 192, 193, 194, 195, 196, 198, 199, 202, 207, 209, 211, 212, 213, 215, 216, 217, 222, 223, 224, 225, 226, 229, 230, 231, 232, 233, 234, 235, 238, 242, 243, 245, 246, 247, 248, 249, 251, 252, 253, 256, 259, 260, 262, 266, 268], "summary": {"covered_lines": 99, "num_statements": 99, "percent_covered": 100.0, "percent_covered_display": "100", "missing_lines": 0, "excluded_lines": 0, "percent_statements_covered": 100.0, "percent_statements_covered_display": "100"}, "missing_lines": [], "excluded_lines": [], "functions": {"_truncate_tail": {"executed_lines": [59, 60, 61], "summary": {"covered_lines": 3, "num_statements": 3, "percent_covered": 100.0, "percent_covered_display": "100", "missing_lines": 0, "excluded_lines": 0, "percent_statements_covered": 100.0, "percent_statements_covered_display": "100"}, "missing_lines": [], "excluded_lines": [], "start_line": 53}, "_now_iso": {"executed_lines": [66], "summary": {"covered_lines": 1, "num_statements": 1, "percent_covered": 100.0, "percent_covered_display": "100", "missing_lines": 0, "excluded_lines": 0, "percent_statements_covered": 100.0, "percent_statements_covered_display": "100"}, "missing_lines": [], "excluded_lines": [], "start_line": 64}, "_save_task": {"executed_lines": [86], "summary": {"covered_lines": 1, "num_statements": 1, "percent_covered": 100.0, "percent_covered_display": "100", "missing_lines": 0, "excluded_lines": 0, "percent_statements_covered": 100.0, "percent_statements_covered_display": "100"}, "missing_lines": [], "excluded_lines": [], "start_line": 80}, "_run_once": {"executed_lines": [99, 100, 101, 102, 103, 105, 115, 116, 124, 125, 128, 129, 130, 138, 143, 145, 146, 147, 148, 150, 151], "summary": {"covered_lines": 21, "num_statements": 21, "percent_covered": 100.0, "percent_covered_display": "100", "missing_lines": 0, "excluded_lines": 0, "percent_statements_covered": 100.0, "percent_statements_covered_display": "100"}, "missing_lines": [], "excluded_lines": [], "start_line": 89}, "run_task": {"executed_lines": [185, 186, 187, 188, 190, 191, 192, 193, 194, 195, 196, 198, 199, 202, 207, 209, 211, 212, 213, 215, 216, 217, 222, 223, 224, 225, 226, 229, 230, 231, 232, 233, 234, 235, 238, 242, 243, 245, 246, 247, 248, 249, 251, 252, 253, 256, 259, 260, 262, 266, 268], "summary": {"covered_lines": 51, "num_statements": 51, "percent_covered": 100.0, "percent_covered_display": "100", "missing_lines": 0, "excluded_lines": 0, "percent_statements_covered": 100.0, "percent_statements_covered_display": "100"}, "missing_lines": [], "excluded_lines": [], "start_line": 170}, "": {"executed_lines": [20, 22, 23, 24, 25, 26, 28, 29, 30, 39, 47, 48, 49, 50, 53, 64, 69, 76, 80, 89, 161, 170], "summary": {"covered_lines": 22, "num_statements": 22, "percent_covered": 100.0, "percent_covered_display": "100", "missing_lines": 0, "excluded_lines": 0, "percent_statements_covered": 100.0, "percent_statements_covered_display": "100"}, "missing_lines": [], "excluded_lines": [], "start_line": 1}}, "classes": {"UnknownTaskError": {"executed_lines": [], "summary": {"covered_lines": 0, "num_statements": 0, "percent_covered": 100.0, "percent_covered_display": "100", "missing_lines": 0, "excluded_lines": 0, "percent_statements_covered": 100.0, "percent_statements_covered_display": "100"}, "missing_lines": [], "excluded_lines": [], "start_line": 69}, "TaskNotFoundError": {"executed_lines": [], "summary": {"covered_lines": 0, "num_statements": 0, "percent_covered": 100.0, "percent_covered_display": "100", "missing_lines": 0, "excluded_lines": 0, "percent_statements_covered": 100.0, "percent_statements_covered_display": "100"}, "missing_lines": [], "excluded_lines": [], "start_line": 76}, "UnhandledExecutionError": {"executed_lines": [], "summary": {"covered_lines": 0, "num_statements": 0, "percent_covered": 100.0, "percent_covered_display": "100", "missing_lines": 0, "excluded_lines": 0, "percent_statements_covered": 100.0, "percent_statements_covered_display": "100"}, "missing_lines": [], "excluded_lines": [], "start_line": 161}, "": {"executed_lines": [20, 22, 23, 24, 25, 26, 28, 29, 30, 39, 47, 48, 49, 50, 53, 59, 60, 61, 64, 66, 69, 76, 80, 86, 89, 99, 100, 101, 102, 103, 105, 115, 116, 124, 125, 128, 129, 130, 138, 143, 145, 146, 147, 148, 150, 151, 161, 170, 185, 186, 187, 188, 190, 191, 192, 193, 194, 195, 196, 198, 199, 202, 207, 209, 211, 212, 213, 215, 216, 217, 222, 223, 224, 225, 226, 229, 230, 231, 232, 233, 234, 235, 238, 242, 243, 245, 246, 247, 248, 249, 251, 252, 253, 256, 259, 260, 262, 266, 268], "summary": {"covered_lines": 99, "num_statements": 99, "percent_covered": 100.0, "percent_covered_display": "100", "missing_lines": 0, "excluded_lines": 0, "percent_statements_covered": 100.0, "percent_statements_covered_display": "100"}, "missing_lines": [], "excluded_lines": [], "start_line": 1}}}, "03-development/src/taskq/models.py": {"executed_lines": [20, 22, 23, 24, 25, 29, 33, 34, 35, 36, 37, 39, 44, 49, 52, 57, 58, 64, 65, 66, 67, 68, 69, 70, 71, 72, 73, 75, 79, 80], "summary": {"covered_lines": 30, "num_statements": 30, "percent_covered": 100.0, "percent_covered_display": "100", "missing_lines": 0, "excluded_lines": 3, "percent_statements_covered": 100.0, "percent_statements_covered_display": "100"}, "missing_lines": [], "excluded_lines": [54, 77, 82], "functions": {"make_task_id": {"executed_lines": [49], "summary": {"covered_lines": 1, "num_statements": 1, "percent_covered": 100.0, "percent_covered_display": "100", "missing_lines": 0, "excluded_lines": 0, "percent_statements_covered": 100.0, "percent_statements_covered_display": "100"}, "missing_lines": [], "excluded_lines": [], "start_line": 44}, "now_iso": {"executed_lines": [], "summary": {"covered_lines": 0, "num_statements": 0, "percent_covered": 100.0, "percent_covered_display": "100", "missing_lines": 0, "excluded_lines": 1, "percent_statements_covered": 100.0, "percent_statements_covered_display": "100"}, "missing_lines": [], "excluded_lines": [54], "start_line": 52}, "Task.to_dict": {"executed_lines": [], "summary": {"covered_lines": 0, "num_statements": 0, "percent_covered": 100.0, "percent_covered_display": "100", "missing_lines": 0, "excluded_lines": 1, "percent_statements_covered": 100.0, "percent_statements_covered_display": "100"}, "missing_lines": [], "excluded_lines": [77], "start_line": 75}, "Task.from_dict": {"executed_lines": [], "summary": {"covered_lines": 0, "num_statements": 0, "percent_covered": 100.0, "percent_covered_display": "100", "missing_lines": 0, "excluded_lines": 1, "percent_statements_covered": 100.0, "percent_statements_covered_display": "100"}, "missing_lines": [], "excluded_lines": [82], "start_line": 80}, "": {"executed_lines": [20, 22, 23, 24, 25, 29, 33, 34, 35, 36, 37, 39, 44, 52, 57, 58, 64, 65, 66, 67, 68, 69, 70, 71, 72, 73, 75, 79, 80], "summary": {"covered_lines": 29, "num_statements": 29, "percent_covered": 100.0, "percent_covered_display": "100", "missing_lines": 0, "excluded_lines": 0, "percent_statements_covered": 100.0, "percent_statements_covered_display": "100"}, "missing_lines": [], "excluded_lines": [], "start_line": 1}}, "classes": {"Task": {"executed_lines": [], "summary": {"covered_lines": 0, "num_statements": 0, "percent_covered": 100.0, "percent_covered_display": "100", "missing_lines": 0, "excluded_lines": 2, "percent_statements_covered": 100.0, "percent_statements_covered_display": "100"}, "missing_lines": [], "excluded_lines": [77, 82], "start_line": 58}, "": {"executed_lines": [20, 22, 23, 24, 25, 29, 33, 34, 35, 36, 37, 39, 44, 49, 52, 57, 58, 64, 65, 66, 67, 68, 69, 70, 71, 72, 73, 75, 79, 80], "summary": {"covered_lines": 30, "num_statements": 30, "percent_covered": 100.0, "percent_covered_display": "100", "missing_lines": 0, "excluded_lines": 1, "percent_statements_covered": 100.0, "percent_statements_covered_display": "100"}, "missing_lines": [], "excluded_lines": [54], "start_line": 1}}}, "03-development/src/taskq/redact.py": {"executed_lines": [12, 14, 20, 21, 24, 30, 31, 32, 33, 35, 36, 37, 38, 39], "summary": {"covered_lines": 14, "num_statements": 14, "percent_covered": 100.0, "percent_covered_display": "100", "missing_lines": 0, "excluded_lines": 0, "percent_statements_covered": 100.0, "percent_statements_covered_display": "100"}, "missing_lines": [], "excluded_lines": [], "functions": {"redact": {"executed_lines": [30, 31, 32, 33, 35, 36, 37, 38, 39], "summary": {"covered_lines": 9, "num_statements": 9, "percent_covered": 100.0, "percent_covered_display": "100", "missing_lines": 0, "excluded_lines": 0, "percent_statements_covered": 100.0, "percent_statements_covered_display": "100"}, "missing_lines": [], "excluded_lines": [], "start_line": 24}, "": {"executed_lines": [12, 14, 20, 21, 24], "summary": {"covered_lines": 5, "num_statements": 5, "percent_covered": 100.0, "percent_covered_display": "100", "missing_lines": 0, "excluded_lines": 0, "percent_statements_covered": 100.0, "percent_statements_covered_display": "100"}, "missing_lines": [], "excluded_lines": [], "start_line": 1}}, "classes": {"": {"executed_lines": [12, 14, 20, 21, 24, 30, 31, 32, 33, 35, 36, 37, 38, 39], "summary": {"covered_lines": 14, "num_statements": 14, "percent_covered": 100.0, "percent_covered_display": "100", "missing_lines": 0, "excluded_lines": 0, "percent_statements_covered": 100.0, "percent_statements_covered_display": "100"}, "missing_lines": [], "excluded_lines": [], "start_line": 1}}}, "03-development/src/taskq/store.py": {"executed_lines": [14, 16, 17, 18, 19, 21, 26, 29, 37, 45, 46, 47, 48, 49, 50, 51, 52, 53, 54, 57, 63, 64, 67, 68, 70, 71, 72, 73, 74, 75, 78, 80, 81, 82, 83, 84, 87], "summary": {"covered_lines": 37, "num_statements": 37, "percent_covered": 100.0, "percent_covered_display": "100", "missing_lines": 0, "excluded_lines": 2, "percent_statements_covered": 100.0, "percent_statements_covered_display": "100"}, "missing_lines": [], "excluded_lines": [89, 90], "functions": {"load_tasks_or_die": {"executed_lines": [45, 46, 47, 48, 49, 50, 51, 52, 53, 54], "summary": {"covered_lines": 10, "num_statements": 10, "percent_covered": 100.0, "percent_covered_display": "100", "missing_lines": 0, "excluded_lines": 0, "percent_statements_covered": 100.0, "percent_statements_covered_display": "100"}, "missing_lines": [], "excluded_lines": [], "start_line": 37}, "atomic_write_tasks": {"executed_lines": [63, 64, 67, 68, 70, 71, 72, 73, 74, 75], "summary": {"covered_lines": 10, "num_statements": 10, "percent_covered": 100.0, "percent_covered_display": "100", "missing_lines": 0, "excluded_lines": 0, "percent_statements_covered": 100.0, "percent_statements_covered_display": "100"}, "missing_lines": [], "excluded_lines": [], "start_line": 57}, "append_task": {"executed_lines": [80, 81, 82, 83, 84], "summary": {"covered_lines": 5, "num_statements": 5, "percent_covered": 100.0, "percent_covered_display": "100", "missing_lines": 0, "excluded_lines": 0, "percent_statements_covered": 100.0, "percent_statements_covered_display": "100"}, "missing_lines": [], "excluded_lines": [], "start_line": 78}, "report_corrupt_and_exit": {"executed_lines": [], "summary": {"covered_lines": 0, "num_statements": 0, "percent_covered": 100.0, "percent_covered_display": "100", "missing_lines": 0, "excluded_lines": 2, "percent_statements_covered": 100.0, "percent_statements_covered_display": "100"}, "missing_lines": [], "excluded_lines": [89, 90], "start_line": 87}, "": {"executed_lines": [14, 16, 17, 18, 19, 21, 26, 29, 37, 57, 78, 87], "summary": {"covered_lines": 12, "num_statements": 12, "percent_covered": 100.0, "percent_covered_display": "100", "missing_lines": 0, "excluded_lines": 0, "percent_statements_covered": 100.0, "percent_statements_covered_display": "100"}, "missing_lines": [], "excluded_lines": [], "start_line": 1}}, "classes": {"StoreCorruptedError": {"executed_lines": [], "summary": {"covered_lines": 0, "num_statements": 0, "percent_covered": 100.0, "percent_covered_display": "100", "missing_lines": 0, "excluded_lines": 0, "percent_statements_covered": 100.0, "percent_statements_covered_display": "100"}, "missing_lines": [], "excluded_lines": [], "start_line": 29}, "": {"executed_lines": [14, 16, 17, 18, 19, 21, 26, 29, 37, 45, 46, 47, 48, 49, 50, 51, 52, 53, 54, 57, 63, 64, 67, 68, 70, 71, 72, 73, 74, 75, 78, 80, 81, 82, 83, 84, 87], "summary": {"covered_lines": 37, "num_statements": 37, "percent_covered": 100.0, "percent_covered_display": "100", "missing_lines": 0, "excluded_lines": 2, "percent_statements_covered": 100.0, "percent_statements_covered_display": "100"}, "missing_lines": [], "excluded_lines": [89, 90], "start_line": 1}}}, "03-development/src/taskq/validation.py": {"executed_lines": [12, 16, 21, 24, 30, 31, 32, 33, 36, 37, 38], "summary": {"covered_lines": 11, "num_statements": 11, "percent_covered": 100.0, "percent_covered_display": "100", "missing_lines": 0, "excluded_lines": 0, "percent_statements_covered": 100.0, "percent_statements_covered_display": "100"}, "missing_lines": [], "excluded_lines": [], "functions": {"validate_command": {"executed_lines": [30, 31, 32, 33, 36, 37, 38], "summary": {"covered_lines": 7, "num_statements": 7, "percent_covered": 100.0, "percent_covered_display": "100", "missing_lines": 0, "excluded_lines": 0, "percent_statements_covered": 100.0, "percent_statements_covered_display": "100"}, "missing_lines": [], "excluded_lines": [], "start_line": 24}, "": {"executed_lines": [12, 16, 21, 24], "summary": {"covered_lines": 4, "num_statements": 4, "percent_covered": 100.0, "percent_covered_display": "100", "missing_lines": 0, "excluded_lines": 0, "percent_statements_covered": 100.0, "percent_statements_covered_display": "100"}, "missing_lines": [], "excluded_lines": [], "start_line": 1}}, "classes": {"": {"executed_lines": [12, 16, 21, 24, 30, 31, 32, 33, 36, 37, 38], "summary": {"covered_lines": 11, "num_statements": 11, "percent_covered": 100.0, "percent_covered_display": "100", "missing_lines": 0, "excluded_lines": 0, "percent_statements_covered": 100.0, "percent_statements_covered_display": "100"}, "missing_lines": [], "excluded_lines": [], "start_line": 1}}}}, "totals": {"covered_lines": 348, "num_statements": 349, "percent_covered": 99.7134670487106, "percent_covered_display": "99", "missing_lines": 1, "excluded_lines": 21, "percent_statements_covered": 99.7134670487106, "percent_statements_covered_display": "99"}}