{"meta": {"format": 3, "version": "7.14.3", "timestamp": "2026-07-06T17:20:41.300598", "branch_coverage": false, "show_contexts": false}, "files": {"03-development/src/taskq/breaker.py": {"executed_lines": [21, 23, 24, 25, 26, 27, 28, 30, 34, 37, 40, 41, 44, 49, 50, 52, 55, 62, 63, 64, 65, 66, 67, 70, 71, 72, 73, 76, 83, 84, 85, 88, 89, 90, 91, 92, 93, 104, 110, 111, 112, 113, 114, 116, 119, 132, 133, 134, 135, 136, 138, 139, 140, 143, 144, 145, 146, 148, 149, 151, 153, 154, 155, 156, 158, 159, 160, 161, 162, 165, 169, 171, 172, 175, 176, 177, 178, 179, 180, 181], "summary": {"covered_lines": 80, "num_statements": 90, "percent_covered": 88.88888888888889, "percent_covered_display": "89", "missing_lines": 10, "excluded_lines": 0, "percent_statements_covered": 88.88888888888889, "percent_statements_covered_display": "89"}, "missing_lines": [51, 68, 94, 97, 98, 99, 100, 101, 115, 170], "excluded_lines": [], "functions": {"_breaker_path": {"executed_lines": [49, 50, 52], "summary": {"covered_lines": 3, "num_statements": 4, "percent_covered": 75.0, "percent_covered_display": "75", "missing_lines": 1, "excluded_lines": 0, "percent_statements_covered": 75.0, "percent_statements_covered_display": "75"}, "missing_lines": [51], "excluded_lines": [], "start_line": 44}, "_load_breaker": {"executed_lines": [62, 63, 64, 65, 66, 67, 70, 71, 72, 73], "summary": {"covered_lines": 10, "num_statements": 11, "percent_covered": 90.9090909090909, "percent_covered_display": "91", "missing_lines": 1, "excluded_lines": 0, "percent_statements_covered": 90.9090909090909, "percent_statements_covered_display": "91"}, "missing_lines": [68], "excluded_lines": [], "start_line": 55}, "_atomic_write_breaker": {"executed_lines": [83, 84, 85, 88, 89, 90, 91, 92, 93], "summary": {"covered_lines": 9, "num_statements": 15, "percent_covered": 60.0, "percent_covered_display": "60", "missing_lines": 6, "excluded_lines": 0, "percent_statements_covered": 60.0, "percent_statements_covered_display": "60"}, "missing_lines": [94, 97, 98, 99, 100, 101], "excluded_lines": [], "start_line": 76}, "_is_open": {"executed_lines": [110, 111, 112, 113, 114, 116], "summary": {"covered_lines": 6, "num_statements": 7, "percent_covered": 85.71428571428571, "percent_covered_display": "86", "missing_lines": 1, "excluded_lines": 0, "percent_statements_covered": 85.71428571428571, "percent_statements_covered_display": "86"}, "missing_lines": [115], "excluded_lines": [], "start_line": 104}, "check_and_record": {"executed_lines": [132, 133, 134, 135, 136, 138, 139, 140, 143, 144, 145, 146, 148, 149, 151, 153, 154, 155, 156, 158, 159, 160, 161, 162, 165, 169, 171, 172, 175, 176, 177, 178, 179, 180, 181], "summary": {"covered_lines": 35, "num_statements": 36, "percent_covered": 97.22222222222223, "percent_covered_display": "97", "missing_lines": 1, "excluded_lines": 0, "percent_statements_covered": 97.22222222222223, "percent_statements_covered_display": "97"}, "missing_lines": [170], "excluded_lines": [], "start_line": 119}, "": {"executed_lines": [21, 23, 24, 25, 26, 27, 28, 30, 34, 37, 40, 41, 44, 55, 76, 104, 119], "summary": {"covered_lines": 17, "num_statements": 17, "percent_covered": 100.0, "percent_covered_display": "100", "missing_lines": 0, "excluded_lines": 0, "percent_statements_covered": 100.0, "percent_statements_covered_display": "100"}, "missing_lines": [], "excluded_lines": [], "start_line": 1}}, "classes": {"": {"executed_lines": [21, 23, 24, 25, 26, 27, 28, 30, 34, 37, 40, 41, 44, 49, 50, 52, 55, 62, 63, 64, 65, 66, 67, 70, 71, 72, 73, 76, 83, 84, 85, 88, 89, 90, 91, 92, 93, 104, 110, 111, 112, 113, 114, 116, 119, 132, 133, 134, 135, 136, 138, 139, 140, 143, 144, 145, 146, 148, 149, 151, 153, 154, 155, 156, 158, 159, 160, 161, 162, 165, 169, 171, 172, 175, 176, 177, 178, 179, 180, 181], "summary": {"covered_lines": 80, "num_statements": 90, "percent_covered": 88.88888888888889, "percent_covered_display": "89", "missing_lines": 10, "excluded_lines": 0, "percent_statements_covered": 88.88888888888889, "percent_statements_covered_display": "89"}, "missing_lines": [51, 68, 94, 97, 98, 99, 100, 101, 115, 170], "excluded_lines": [], "start_line": 1}}}}, "totals": {"covered_lines": 80, "num_statements": 90, "percent_covered": 88.88888888888889, "percent_covered_display": "89", "missing_lines": 10, "excluded_lines": 0, "percent_statements_covered": 88.88888888888889, "percent_statements_covered_display": "89"}}